<?xml version="1.0" encoding="UTF-8"?>
<!-- Generated by org.testng.reporters.JUnitReportReporter -->
<testsuite skipped="0" hostname="khan-PC" name="com.capgemini.bookmydoctorselenium.TestUpdateDoctorProfile" tests="1" failures="0" timestamp="05 Feb 2020 09:45:11 GMT" time="11.661" errors="0">
  <testcase name="testTestUpdateDoctor" time="11.661" classname="com.capgemini.bookmydoctorselenium.TestUpdateDoctorProfile"/>
</testsuite> <!-- com.capgemini.bookmydoctorselenium.TestUpdateDoctorProfile -->
