<?xml version="1.0" encoding="UTF-8"?>
<!-- Generated by org.testng.reporters.JUnitReportReporter -->
<testsuite skipped="0" hostname="khan-PC" name="com.capgemini.bookmydoctorselenium.PatientLoginTest" tests="1" failures="0" timestamp="05 Feb 2020 06:14:03 GMT" time="7.888" errors="0">
  <testcase name="testPatientLogin" time="7.888" classname="com.capgemini.bookmydoctorselenium.PatientLoginTest"/>
</testsuite> <!-- com.capgemini.bookmydoctorselenium.PatientLoginTest -->
