<?xml version="1.0" encoding="UTF-8"?>
<!-- Generated by org.testng.reporters.JUnitReportReporter -->
<testsuite hostname="khan-PC" name="runner.Runner1" tests="1" failures="0" timestamp="17 Jan 2020 10:31:27 GMT" time="23.028" errors="0">
  <testcase name="feature" time="23.028" classname="runner.Runner1"/>
</testsuite> <!-- runner.Runner1 -->
