<?xml version="1.0" encoding="UTF-8"?>
<!-- Generated by org.testng.reporters.JUnitReportReporter -->
<testsuite skipped="0" hostname="khan-PC" name="com.capgemini.forestrymanagementselenium.test.SchedulerLogin" tests="1" failures="0" timestamp="28 Jan 2020 02:09:15 GMT" time="19.302" errors="0">
  <testcase name="testSchedulerLogin" time="19.302" classname="com.capgemini.forestrymanagementselenium.test.SchedulerLogin"/>
</testsuite> <!-- com.capgemini.forestrymanagementselenium.test.SchedulerLogin -->
