<?xml version="1.0" encoding="UTF-8"?>
<!-- Generated by org.testng.reporters.JUnitReportReporter -->
<testsuite skipped="0" hostname="khan-PC" name="com.capgemini.forestrymanagementselenium.test.GetAllLand" tests="1" failures="0" timestamp="25 Jan 2020 01:41:15 GMT" time="12.123" errors="0">
  <testcase name="testGetAllCustomer" time="12.123" classname="com.capgemini.forestrymanagementselenium.test.GetAllLand"/>
</testsuite> <!-- com.capgemini.forestrymanagementselenium.test.GetAllLand -->
