<?xml version="1.0" encoding="UTF-8"?>
<!-- Generated by org.testng.reporters.JUnitReportReporter -->
<testsuite skipped="0" hostname="khan-PC" name="com.capgemini.forestrymanagementselenium.test.GetAllCustomer" tests="1" failures="0" timestamp="24 Jan 2020 12:52:06 GMT" time="11.103" errors="0">
  <testcase name="testGetAllCustomer" time="11.103" classname="com.capgemini.forestrymanagementselenium.test.GetAllCustomer"/>
</testsuite> <!-- com.capgemini.forestrymanagementselenium.test.GetAllCustomer -->
