<?xml version="1.0" encoding="UTF-8"?>
<!-- Generated by org.testng.reporters.JUnitReportReporter -->
<testsuite skipped="0" hostname="khan-PC" name="com.capgemini.forestrymanagementselenium.test.Forest" tests="3" failures="0" timestamp="23 Jan 2020 07:19:18 GMT" time="24.547" errors="0">
  <testcase name="testSchedulerLogin" time="9.126" classname="com.capgemini.forestrymanagementselenium.test.Forest"/>
  <testcase name="testClientLogin" time="8.631" classname="com.capgemini.forestrymanagementselenium.test.Forest"/>
  <testcase name="testAdminLogin" time="6.790" classname="com.capgemini.forestrymanagementselenium.test.Forest"/>
</testsuite> <!-- com.capgemini.forestrymanagementselenium.test.Forest -->
