<?xml version="1.0" encoding="UTF-8"?>
<!-- Generated by org.testng.reporters.JUnitReportReporter -->
<testsuite skipped="0" hostname="khan-PC" name="com.capgemini.forestrymanagementselenium.test.ModifyContracts" tests="1" failures="0" timestamp="25 Jan 2020 02:06:48 GMT" time="8.045" errors="0">
  <testcase name="testGetAllContracts" time="8.045" classname="com.capgemini.forestrymanagementselenium.test.ModifyContracts"/>
</testsuite> <!-- com.capgemini.forestrymanagementselenium.test.ModifyContracts -->
