<?xml version="1.0" encoding="UTF-8"?>
<!-- Generated by org.testng.reporters.JUnitReportReporter -->
<testsuite skipped="0" hostname="khan-PC" name="com.capgemini.forestrymanagementselenium.test.GetAllProductsByScheduler" tests="1" failures="0" timestamp="25 Jan 2020 02:16:08 GMT" time="13.348" errors="0">
  <testcase name="testSchedulerLogin" time="13.348" classname="com.capgemini.forestrymanagementselenium.test.GetAllProductsByScheduler"/>
</testsuite> <!-- com.capgemini.forestrymanagementselenium.test.GetAllProductsByScheduler -->
