<?xml version="1.0" encoding="UTF-8"?>
<!-- Generated by org.testng.reporters.JUnitReportReporter -->
<testsuite skipped="0" hostname="khan-PC" name="com.capgemini.bookmydoctorselenium.DoctorLoginTest" tests="1" failures="0" timestamp="05 Feb 2020 06:11:51 GMT" time="10.950" errors="0">
  <testcase name="testDoctorLogin" time="10.950" classname="com.capgemini.bookmydoctorselenium.DoctorLoginTest"/>
</testsuite> <!-- com.capgemini.bookmydoctorselenium.DoctorLoginTest -->
