<?xml version="1.0" encoding="UTF-8"?>
<!-- Generated by org.testng.reporters.JUnitReportReporter -->
<testsuite skipped="0" hostname="khan-PC" name="com.capgemini.bookmydoctorselenium.DoctorGetAllTest" tests="1" failures="0" timestamp="05 Feb 2020 06:07:07 GMT" time="10.840" errors="0">
  <testcase name="testGetAllDoctor" time="10.840" classname="com.capgemini.bookmydoctorselenium.DoctorGetAllTest"/>
</testsuite> <!-- com.capgemini.bookmydoctorselenium.DoctorGetAllTest -->
