<?xml version="1.0" encoding="UTF-8"?>
<!-- Generated by org.testng.reporters.JUnitReportReporter -->
<testsuite skipped="0" hostname="khan-PC" name="com.cg.assertion.AssertionValidation" tests="1" failures="0" timestamp="16 Jan 2020 12:39:19 GMT" time="19.150" errors="0">
  <testcase name="test1" time="19.150" classname="com.cg.assertion.AssertionValidation"/>
</testsuite> <!-- com.cg.assertion.AssertionValidation -->
