<?xml version="1.0" encoding="UTF-8"?>
<!-- Generated by org.testng.reporters.JUnitReportReporter -->
<testsuite skipped="0" hostname="khan-PC" name="selenium.TestAnnot" tests="1" failures="0" timestamp="16 Jan 2020 11:32:27 GMT" time="14.100" errors="0">
  <testcase name="demo1" time="14.100" classname="selenium.TestAnnot"/>
</testsuite> <!-- selenium.TestAnnot -->
