<?xml version="1.0" encoding="UTF-8"?>
<!-- Generated by org.testng.reporters.JUnitReportReporter -->
<testsuite skipped="0" hostname="khan-PC" name="com.cg.sel.Test1" tests="1" failures="0" timestamp="16 Jan 2020 11:39:36 GMT" time="17.607" errors="0">
  <testcase name="test" time="17.607" classname="com.cg.sel.Test1"/>
</testsuite> <!-- com.cg.sel.Test1 -->
