<?xml version="1.0" encoding="UTF-8"?>
<!-- Generated by org.testng.reporters.JUnitReportReporter -->
<testsuite skipped="0" hostname="khan-PC" name="com.cg.sel.Flow" tests="1" failures="0" timestamp="16 Jan 2020 12:20:06 GMT" time="0.032" errors="0">
  <testcase name="test" time="0.032" classname="com.cg.sel.Flow"/>
</testsuite> <!-- com.cg.sel.Flow -->
