<?xml version="1.0" encoding="UTF-8"?>
<!-- Generated by org.testng.reporters.JUnitReportReporter -->
<testsuite skipped="0" hostname="khan-PC" name="com.cg.sel.TestAnnotations" tests="1" failures="0" timestamp="16 Jan 2020 12:07:33 GMT" time="23.984" errors="0">
  <testcase name="test" time="23.984" classname="com.cg.sel.TestAnnotations"/>
</testsuite> <!-- com.cg.sel.TestAnnotations -->
