<?xml version="1.0" encoding="UTF-8"?>
<!-- Generated by org.testng.reporters.JUnitReportReporter -->
<testsuite skipped="0" hostname="khan-PC" name="com.cg.sel.Test2" tests="3" failures="0" timestamp="16 Jan 2020 11:42:01 GMT" time="66.159" errors="0">
  <testcase name="test" time="30.342" classname="com.cg.sel.Test2"/>
  <testcase name="test1" time="17.229" classname="com.cg.sel.Test2"/>
  <testcase name="test3" time="18.588" classname="com.cg.sel.Test2"/>
</testsuite> <!-- com.cg.sel.Test2 -->
